app/build/outputs/mapping/release/seeds.txt
te.app.evidence.pages.auth.register.RegisterFragment
te.app.evidence.pages.auth.forgetPassword.ForgetPasswordFragment
te.app.evidence.pages.clients.AddClientFragment
te.app.evidence.pages.home.MainHomeFragment
te.app.evidence.pages.mohdrs.BailiffsFragment
te.app.evidence.customViews.views.DateEditText
te.app.evidence.pages.auth.confirmCode.ConfirmCodeFragment
te.app.evidence.pages.sessions.AddSessionFragment
te.app.evidence.pages.places.PlacesFragment
te.app.evidence.pages.clients.ClientProfileFragment
te.app.evidence.pages.mohdrs.ReportersDetailsFragment
te.app.evidence.base.BaseFragment
te.app.evidence.pages.points.PointsFragment
te.app.evidence.pages.settings.ContactUsFragment
te.app.evidence.pages.cases.AddClientToCaseFragment
te.app.evidence.pages.cases.CaseDetailsFragment
te.app.evidence.base.MyApplication
te.app.evidence.pages.reports.MonthlyReportsFragment
te.app.evidence.customViews.views.ExpandableTextView
te.app.evidence.pages.auth.login.LoginFragment
te.app.evidence.customViews.views.MonthlyEditText
te.app.evidence.pages.cases.EditCaseFragment
te.app.evidence.activity.MainActivity
te.app.evidence.pages.cases.SearchClientsFragment
te.app.evidence.pages.reports.DailyReportsFragment
te.app.evidence.activity.SupportActivity
te.app.evidence.pages.services.ServicesFragment
te.app.evidence.pages.cases.AddCaseFragment
te.app.evidence.pages.categories.CategoriesFragment
te.app.evidence.pages.mohdrs.AddBailiffsFragment
te.app.evidence.connection.Api
te.app.evidence.pages.attachments.AddAttachmentFragment
te.app.evidence.pages.users.AddUserFragment
te.app.evidence.pages.profile.ProfileFragment
te.app.evidence.customViews.views.YearEditText
te.app.evidence.pages.cases.CaseClientsFragment
te.app.evidence.activity.BaseActivity
te.app.evidence.pages.categories.AddCategoryFragment
te.app.evidence.pages.users.UsersFragment
te.app.evidence.pages.home.HomeFragment
te.app.evidence.pages.cases.CasesFragment
te.app.evidence.pages.attachments.AttachmentsFragment
te.app.evidence.pages.clients.ClientsFragment
te.app.evidence.pages.onBoard.OnBoardFragment
te.app.evidence.customViews.views.CustomTextViewRegular
te.app.evidence.pages.settings.PackagesFragment
te.app.evidence.customViews.views.CustomTextViewMedium
te.app.evidence.pages.sessions.SessionsFragment
te.app.evidence.pages.auth.changePassword.ChangePasswordFragment
te.app.evidence.pages.splash.SplashFragment
te.app.evidence.pages.users.UserPermissionsFragment
te.app.evidence.customViews.views.FutureDateEditText
te.app.evidence.pages.services.AddServiceFragment
te.app.evidence.pages.clients.notes.AddNoteFragment
te.app.evidence.DataBinderMapperImpl
te.app.evidence.pages.sessions.SessionNotesFragment
te.app.evidence.base.MyFirebaseMessagingService
te.app.evidence.customViews.menu.MenuViewModel: MenuViewModel()
te.app.evidence.pages.users.UsersFragment: UsersFragment()
te.app.evidence.pages.onBoard.OnBoardFragment: OnBoardFragment()
te.app.evidence.base.ParentActivity: ParentActivity()
te.app.evidence.customViews.views.DateEditText: DateEditText(android.content.Context,android.util.AttributeSet)
te.app.evidence.pages.points.PointsFragment: PointsFragment()
te.app.evidence.pages.services.ServicesFragment: ServicesFragment()
te.app.evidence.pages.cases.CaseClientsFragment: CaseClientsFragment()
te.app.evidence.pages.cases.CasesFragment: CasesFragment()
te.app.evidence.connection.Api: io.reactivex.Flowable post(java.lang.String,java.lang.Object)
te.app.evidence.pages.clients.ClientProfileFragment: ClientProfileFragment()
te.app.evidence.customViews.views.CustomTextViewRegular: CustomTextViewRegular(android.content.Context,android.util.AttributeSet)
te.app.evidence.pages.users.UserPermissionsFragment: UserPermissionsFragment()
te.app.evidence.pages.reports.DailyReportsFragment: DailyReportsFragment()
te.app.evidence.pages.services.AddServiceFragment: AddServiceFragment()
te.app.evidence.activity.BaseActivity: BaseActivity()
...
androidx.appcompat.widget.AlertDialogLayout
androidx.versionedparcelable.ParcelImpl
org.conscrypt.OpenSSLX509CertificateFactory
com.google.android.material.appbar.AppBarLayout$BaseBehavior
org.conscrypt.ConscryptEngineSocket
org.conscrypt.OpenSSLMessageDigestJDK$1
org.conscrypt.OpenSSLProvider
com.google.android.material.textfield.TextInputEditText
androidx.media.AudioAttributesImplBase
org.conscrypt.OpenSSLX509CertPath$1
org.conscrypt.Conscrypt$1
org.conscrypt.X509PublicKey
org.conscrypt.OpenSSLBIOSink
androidx.media.AudioAttributesImplApi21
org.conscrypt.OpenSSLRSAPrivateCrtKey
org.conscrypt.OpenSSLAeadCipherAES$GCM$AES_128
androidx.appcompat.widget.ActivityChooserView$InnerLayout
com.google.firebase.FirebaseCommonRegistrar
com.chaos.view.PinView
org.conscrypt.OpenSSLSignature$MD5RSA
org.conscrypt.ServerSessionContext
androidx.savedstate.Recreator
org.conscrypt.EmptyArray
org.conscrypt.ConscryptEngineSocket$SSLInputStream
org.conscrypt.CertBlocklist
androidx.versionedparcelable.CustomVersionedParcelable
androidx.constraintlayout.helper.widget.Flow
com.google.firebase.components.ComponentDiscoveryService
org.conscrypt.OpenSSLRSAPrivateKey
android.support.v4.media.session.MediaSessionCompat$Token
androidx.appcompat.widget.AppCompatButton
org.conscrypt.KitKatPlatformOpenSSLSocketAdapterFactory
com.google.android.material.floatingactionbutton.FloatingActionButton
org.conscrypt.NativeRef
androidx.appcompat.view.menu.ExpandedMenuView
com.google.android.material.timepicker.ClockHandView
org.conscrypt.OpenSSLEvpCipherAES
com.google.android.material.switchmaterial.SwitchMaterial
org.conscrypt.SSLServerSessionCache
org.conscrypt.ConscryptFileDescriptorSocket
org.conscrypt.OpenSSLCipherRSA$OAEP$SHA1
com.bumptech.glide.manager.SupportRequestManagerFragment
org.conscrypt.OpenSSLMessageDigestJDK$SHA384
org.conscrypt.OpenSSLSignature$EngineType
com.google.android.material.floatingactionbutton.FloatingActionButton$Behavior
org.conscrypt.PSSParameters
org.conscrypt.ConscryptEngineSocket$SSLOutputStream
android.support.v4.media.session.ParcelableVolumeInfo
org.conscrypt.OpenSSLMac
androidx.databinding.ViewDataBinding$OnStartListener
org.conscrypt.OpenSSLSignature$SHA384ECDSA
org.conscrypt.Conscrypt
com.google.android.material.button.MaterialButton
org.conscrypt.SSLNullSession
kotlin.internal.jdk8.JDK8PlatformImplementations
org.conscrypt.ConscryptEngineSocket$3
org.conscrypt.ClientSessionContext$HostAndPort
com.google.android.material.appbar.CollapsingToolbarLayout
com.google.firebase.messaging.FirebaseMessagingService
org.conscrypt.BufferAllocator$1
org.conscrypt.OpenSSLCipher$Padding
org.conscrypt.ConscryptEngine$1
org.conscrypt.OpenSSLRandom
androidx.lifecycle.CompositeGeneratedAdaptersObserver
org.conscrypt.OpenSSLSignature$SHA384RSAPSS
com.google.firebase.provider.FirebaseInitProvider
org.conscrypt.KeyGeneratorImpl$HmacSHA1
androidx.lifecycle.ReflectiveGenericLifecycleObserver
androidx.appcompat.widget.AppCompatEditText
org.conscrypt.Conscrypt$Version
androidx.fragment.app.FragmentManager$6
androidx.recyclerview.widget.LinearLayoutManager
org.conscrypt.ArrayUtils
org.conscrypt.OpenSSLCipherRSA$OAEP
com.google.android.material.datepicker.MaterialCalendarGridView
org.conscrypt.SSLParametersImpl
com.google.firebase.analytics.FirebaseAnalytics
org.conscrypt.FileClientSessionCache$CacheFile
org.conscrypt.ByteArray
androidx.recyclerview.widget.GridLayoutManager
com.google.android.material.textfield.TextInputLayout
org.conscrypt.KeyGeneratorImpl$HmacSHA384
androidx.constraintlayout.widget.Guideline
org.conscrypt.Conscrypt$ProviderBuilder
com.google.android.material.transformation.FabTransformationSheetBehavior
com.google.android.gms.common.stats.StatsEvent
org.conscrypt.ConscryptFileDescriptorSocket$2
com.google.android.material.internal.CheckableImageButton
org.conscrypt.NativeSslSession$Impl$1
com.google.android.material.theme.MaterialComponentsViewInflater
org.conscrypt.KeyGeneratorImpl
androidx.appcompat.view.menu.ActionMenuItemView