app/build/outputs/mapping/release/mapping.txt
# compiler: R8
# compiler_version: 3.0.62
# min_api: 23
# pg_map_id: f7454c8
# common_typos_disable
te.app.evidence.DataBinderMapperImpl -> te.app.evidence.DataBinderMapperImpl:
    android.util.SparseIntArray INTERNAL_LAYOUT_ID_LOOKUP -> a
    java.util.List collectDependencies() -> a
    androidx.databinding.ViewDataBinding getDataBinder(androidx.databinding.DataBindingComponent,android.view.View,int) -> b
    androidx.databinding.ViewDataBinding getDataBinder(androidx.databinding.DataBindingComponent,android.view.View[],int) -> c
    int getLayoutId(java.lang.String) -> d
    androidx.databinding.ViewDataBinding internalGetViewDataBinding0(androidx.databinding.DataBindingComponent,android.view.View,int,java.lang.Object) -> e
    androidx.databinding.ViewDataBinding internalGetViewDataBinding1(androidx.databinding.DataBindingComponent,android.view.View,int,java.lang.Object) -> f
te.app.evidence.DataBinderMapperImpl$InnerLayoutIdLookup -> te.app.evidence.DataBinderMapperImpl$a:
    java.util.HashMap sKeys -> a
te.app.evidence.PassingObject -> d9.a:
    java.lang.Object objectClass -> k
    int id -> j
    java.lang.String object -> l
    int getId() -> a
    java.lang.String getObject() -> b
    java.lang.Object getObjectClass() -> c
te.app.evidence.R$styleable -> d9.b:
    int[] ExpandableTextView -> a
te.app.evidence.activity.BaseActivity -> te.app.evidence.activity.BaseActivity:
    te.app.evidence.databinding.ActivityBaseBinding activityBaseBinding -> F
    te.app.evidence.customViews.actionbar.BackActionBarView backActionBarView -> G
    androidx.lifecycle.MutableLiveData refreshingLiveData -> H
    void $r8$lambda$Ub4Ie4uaLByrEwNf3WKZtCnWG0w(te.app.evidence.activity.BaseActivity) -> n0
    void enableRefresh(boolean) -> o0
    androidx.fragment.app.Fragment getBundle(androidx.fragment.app.Fragment) -> p0
    void getNotification() -> q0
    void lambda$onCreate$0() -> r0
    void setTitleName(java.lang.String) -> s0
te.app.evidence.activity.MainActivity -> te.app.evidence.activity.MainActivity:
    te.app.evidence.customViews.menu.NavigationDrawerView navigationDrawerView -> G
    te.app.evidence.customViews.actionbar.HomeActionBarView homeActionBarView -> F
    androidx.lifecycle.MutableLiveData liveData -> I
    androidx.lifecycle.MutableLiveData refreshingLiveData -> J
    te.app.evidence.databinding.ActivityMainBinding activityMainBinding -> H
    void $r8$lambda$T28X6EfctvSb-McUpB-2wk89tgA(te.app.evidence.activity.MainActivity) -> n0
    void enableRefresh(boolean) -> o0
    void lambda$onCreate$0() -> p0
te.app.evidence.activity.MainActivity_MembersInjector -> te.app.evidence.activity.a:
    void injectLiveData(te.app.evidence.activity.MainActivity,androidx.lifecycle.MutableLiveData) -> a
te.app.evidence.activity.SupportActivity -> te.app.evidence.activity.SupportActivity:
    te.app.evidence.databinding.ActivitySupportBinding supportBinding -> z
    void $r8$lambda$ql4zKr4T0HFVE8XL6DF57jMuvhE(te.app.evidence.activity.SupportActivity,android.view.View) -> T
    void lambda$onCreate$0(android.view.View) -> U
    void onPageError(int,java.lang.String,java.lang.String) -> f
    void onPageStarted(java.lang.String,android.graphics.Bitmap) -> l
    void onExternalPageRequest(java.lang.String) -> o
    void onPageFinished(java.lang.String) -> p
    void onDownloadRequested(java.lang.String,java.lang.String,java.lang.String,long,java.lang.String,java.lang.String) -> q
te.app.evidence.base.ApplicationBinding -> f9.b:
    void $r8$lambda$fJuCcnFQ0cHOyEBIQH6bcuySJIo(android.widget.ImageView,java.lang.Object,android.view.View) -> a
    void getItemsV2Binding(androidx.recyclerview.widget.RecyclerView,androidx.recyclerview.widget.RecyclerView$Adapter,java.lang.String,java.lang.String) -> b
    void lambda$loadMShowImage$0(android.widget.ImageView,java.lang.Object,android.view.View) -> c
    void loadMShowImage(android.widget.ImageView,java.lang.Object) -> d
    void loadMarketImage(android.widget.ImageView,java.lang.Object) -> e
te.app.evidence.base.ApplicationComponent -> f9.c:
...
com.smarteist.autoimageslider.IndicatorView.animation.data.type.FillAnimationValue -> i6.c:
    int strokeReverse -> f
    int radiusReverse -> d
    int stroke -> e
    int radius -> c
    int getRadius() -> e
    int getRadiusReverse() -> f
    int getStroke() -> g
    int getStrokeReverse() -> h
    void setRadius(int) -> i
    void setRadiusReverse(int) -> j
    void setStroke(int) -> k
    void setStrokeReverse(int) -> l
com.smarteist.autoimageslider.IndicatorView.animation.data.type.ScaleAnimationValue -> i6.d:
    int radiusReverse -> d
    int radius -> c
    int getRadius() -> e
    int getRadiusReverse() -> f
    void setRadius(int) -> g
    void setRadiusReverse(int) -> h
com.smarteist.autoimageslider.IndicatorView.animation.data.type.SlideAnimationValue -> i6.e:
    int coordinate -> a
    int getCoordinate() -> a
    void setCoordinate(int) -> b
com.smarteist.autoimageslider.IndicatorView.animation.data.type.SwapAnimationValue -> i6.f:
    int coordinateReverse -> b
    int coordinate -> a
    int getCoordinate() -> a
    int getCoordinateReverse() -> b
    void setCoordinate(int) -> c
    void setCoordinateReverse(int) -> d
com.smarteist.autoimageslider.IndicatorView.animation.data.type.ThinWormAnimationValue -> i6.g:
    int height -> c
    int getHeight() -> e
    void setHeight(int) -> f
com.smarteist.autoimageslider.IndicatorView.animation.data.type.WormAnimationValue -> i6.h:
    int rectEnd -> b
    int rectStart -> a
    int getRectEnd() -> a
    int getRectStart() -> b
    void setRectEnd(int) -> c
    void setRectStart(int) -> d
com.smarteist.autoimageslider.IndicatorView.animation.type.BaseAnimation -> j6.a:
    android.animation.Animator animator -> c
    long animationDuration -> a
    com.smarteist.autoimageslider.IndicatorView.animation.controller.ValueController$UpdateListener listener -> b
    android.animation.Animator createAnimator() -> a
    com.smarteist.autoimageslider.IndicatorView.animation.type.BaseAnimation duration(long) -> b
    void end() -> c
    com.smarteist.autoimageslider.IndicatorView.animation.type.BaseAnimation progress(float) -> d
    void start() -> e
com.smarteist.autoimageslider.IndicatorView.animation.type.ColorAnimation -> j6.b:
    com.smarteist.autoimageslider.IndicatorView.animation.data.type.ColorAnimationValue value -> d
    int colorEnd -> f
    int colorStart -> e
    android.animation.Animator createAnimator() -> a
    com.smarteist.autoimageslider.IndicatorView.animation.type.BaseAnimation progress(float) -> d
    void access$000(com.smarteist.autoimageslider.IndicatorView.animation.type.ColorAnimation,android.animation.ValueAnimator) -> f
    android.animation.ValueAnimator createAnimator() -> g
    android.animation.PropertyValuesHolder createColorPropertyHolder(boolean) -> h
    boolean hasChanges(int,int) -> i
    void onAnimateUpdated(android.animation.ValueAnimator) -> j
    com.smarteist.autoimageslider.IndicatorView.animation.type.ColorAnimation progress(float) -> k
    com.smarteist.autoimageslider.IndicatorView.animation.type.ColorAnimation with(int,int) -> l
com.smarteist.autoimageslider.IndicatorView.animation.type.ColorAnimation$1 -> j6.b$a:
    com.smarteist.autoimageslider.IndicatorView.animation.type.ColorAnimation this$0 -> a