app/build/outputs/mapping/release/usage.txt
te.app.evidence.BR
te.app.evidence.BuildConfig
te.app.evidence.DataBinderMapperImpl$InnerBrLookup
te.app.evidence.DataBinderMapperImpl$InnerLayoutIdLookup:
    private void <init>()
te.app.evidence.DataBinderMapperImpl:
    private static final int LAYOUT_ACTIVITYBASE
    private static final int LAYOUT_ACTIVITYMAIN
    private static final int LAYOUT_ACTIVITYSUPPORT
    private static final int LAYOUT_DOWNLOADDIALOG
    private static final int LAYOUT_EXITLAYOUT
    private static final int LAYOUT_FRAGMENTADDATTACHMENT
    private static final int LAYOUT_FRAGMENTADDBAILIFFS
    private static final int LAYOUT_FRAGMENTADDCASE
    private static final int LAYOUT_FRAGMENTADDCATEGORY
    private static final int LAYOUT_FRAGMENTADDCLIENT
    private static final int LAYOUT_FRAGMENTADDCLIENTTOCASE
    private static final int LAYOUT_FRAGMENTADDNOTE
    private static final int LAYOUT_FRAGMENTADDSERVICE
    private static final int LAYOUT_FRAGMENTADDSESSION
    private static final int LAYOUT_FRAGMENTADDUSER
    private static final int LAYOUT_FRAGMENTATTACHMENTS
    private static final int LAYOUT_FRAGMENTBAILIFFS
    private static final int LAYOUT_FRAGMENTCASECLIENTS
    private static final int LAYOUT_FRAGMENTCASEDETAILS
    private static final int LAYOUT_FRAGMENTCASES
    private static final int LAYOUT_FRAGMENTCATEGORIES
    private static final int LAYOUT_FRAGMENTCHANGEPASSWORD
    private static final int LAYOUT_FRAGMENTCLIENTPROFILE
    private static final int LAYOUT_FRAGMENTCLIENTS
    private static final int LAYOUT_FRAGMENTCONFIRMCODE
    private static final int LAYOUT_FRAGMENTCONTACT
    private static final int LAYOUT_FRAGMENTDAILYREPORTS
te.app.evidence.DataBindingTriggerClass
te.app.evidence.PassingObject:
    public void setId(int)
    public void setObject(java.lang.String)
    public void setObjectClass(java.lang.Object)
te.app.evidence.R$anim
te.app.evidence.R$animator
te.app.evidence.R$attr
te.app.evidence.R$bool
te.app.evidence.R$color
te.app.evidence.R$dimen
te.app.evidence.R$drawable
te.app.evidence.R$font
te.app.evidence.R$id
te.app.evidence.R$integer
te.app.evidence.R$interpolator
te.app.evidence.R$layout
te.app.evidence.R$mipmap
te.app.evidence.R$plurals
te.app.evidence.R$string
te.app.evidence.R$style
te.app.evidence.R$styleable:
    public static final int ActionBarLayout_android_layout_gravity
    public static final int ActionBar_background
    public static final int ActionBar_backgroundSplit
    public static final int ActionBar_backgroundStacked
    public static final int ActionBar_contentInsetEnd
    public static final int ActionBar_contentInsetEndWithActions
    public static final int ActionBar_contentInsetLeft
    public static final int ActionBar_contentInsetRight
    public static final int ActionBar_contentInsetStart
    public static final int ActionBar_contentInsetStartWithNavigation
    public static final int ActionBar_customNavigationLayout
    public static final int ActionBar_displayOptions
    public static final int ActionBar_divider
    public static final int ActionBar_elevation
    public static final int ActionBar_height
    public static final int ActionBar_hideOnContentScroll
    public static final int ActionBar_homeAsUpIndicator
    public static final int ActionBar_homeLayout
    public static final int ActionBar_icon
    public static final int ActionBar_indeterminateProgressStyle
    public static final int ActionBar_itemPadding
    public static final int ActionBar_logo
    public static final int ActionBar_navigationMode
    public static final int ActionBar_popupTheme
    public static final int ActionBar_progressBarPadding
    public static final int ActionBar_progressBarStyle
    public static final int ActionBar_subtitle
te.app.evidence.R$xml
te.app.evidence.R
te.app.evidence.activity.BaseActivity:
    public androidx.lifecycle.MutableLiveData getRefreshingLiveData()
    public void stopRefresh(boolean)
...
kotlin.reflect.KMutableProperty2$Setter
kotlin.reflect.KMutableProperty2
kotlin.reflect.KMutableProperty
kotlin.reflect.KParameter$DefaultImpls
kotlin.reflect.KParameter$Kind
kotlin.reflect.KParameter
kotlin.reflect.KProperty$Accessor
kotlin.reflect.KProperty$DefaultImpls
kotlin.reflect.KProperty$Getter
kotlin.reflect.KProperty0$Getter
kotlin.reflect.KProperty0
kotlin.reflect.KProperty1$Getter
kotlin.reflect.KProperty1
kotlin.reflect.KProperty2$Getter
kotlin.reflect.KProperty2
kotlin.reflect.KProperty
kotlin.reflect.KType$DefaultImpls
kotlin.reflect.KType
kotlin.reflect.KTypeParameter
kotlin.reflect.KTypeProjection$Companion
kotlin.reflect.KTypeProjection$WhenMappings
kotlin.reflect.KTypeProjection
kotlin.reflect.KVariance
kotlin.reflect.KVisibility
kotlin.reflect.ParameterizedTypeImpl$getTypeName$1$1
kotlin.reflect.ParameterizedTypeImpl
kotlin.reflect.TypeImpl
kotlin.reflect.TypeOfKt
kotlin.reflect.TypeVariableImpl
kotlin.reflect.TypesJVMKt$WhenMappings
kotlin.reflect.TypesJVMKt$typeToString$unwrap$1
kotlin.reflect.TypesJVMKt
kotlin.reflect.WildcardTypeImpl$Companion
kotlin.reflect.WildcardTypeImpl
kotlin.sequences.ConstrainedOnceSequence
kotlin.sequences.DistinctIterator
kotlin.sequences.DistinctSequence
kotlin.sequences.DropSequence$iterator$1:
    public final java.util.Iterator getIterator()
    public final int getLeft()
    public final void setLeft(int)
kotlin.sequences.DropSequence:
    public kotlin.sequences.Sequence take(int)
kotlin.sequences.DropTakeSequence:
    public abstract kotlin.sequences.Sequence take(int)
kotlin.sequences.DropWhileSequence$iterator$1
kotlin.sequences.DropWhileSequence
kotlin.sequences.EmptySequence
kotlin.sequences.FilteringSequence$iterator$1
kotlin.sequences.FilteringSequence
kotlin.sequences.FlatteningSequence$iterator$1
kotlin.sequences.FlatteningSequence
kotlin.sequences.GeneratorSequence$iterator$1
kotlin.sequences.GeneratorSequence
kotlin.sequences.IndexingSequence$iterator$1
kotlin.sequences.IndexingSequence
kotlin.sequences.MergingSequence$iterator$1
kotlin.sequences.MergingSequence
kotlin.sequences.SequenceBuilderIterator
kotlin.sequences.SequenceScope
kotlin.sequences.SequencesKt:
    private void <init>()
kotlin.sequences.SequencesKt__SequenceBuilderKt$buildSequence$$inlined$Sequence$1
kotlin.sequences.SequencesKt__SequenceBuilderKt$sequence$$inlined$Sequence$1
kotlin.sequences.SequencesKt__SequenceBuilderKt:
    private static final int State_Done
    private static final int State_Failed
    private static final int State_ManyNotReady
    private static final int State_ManyReady
    private static final int State_NotReady
    private static final int State_Ready
    public void <init>()
    public static synthetic void SequenceBuilder$annotations()
    private static final java.util.Iterator buildIterator(kotlin.jvm.functions.Function2)
    private static final kotlin.sequences.Sequence buildSequence(kotlin.jvm.functions.Function2)
    public static final java.util.Iterator iterator(kotlin.jvm.functions.Function2)
    public static final kotlin.sequences.Sequence sequence(kotlin.jvm.functions.Function2)
kotlin.sequences.SequencesKt__SequencesJVMKt:
    public void <init>()
    private static final kotlin.sequences.Sequence asSequence(java.util.Enumeration)
kotlin.sequences.SequencesKt__SequencesKt$Sequence$1
kotlin.sequences.SequencesKt__SequencesKt$asSequence$$inlined$Sequence$1
kotlin.sequences.SequencesKt__SequencesKt$flatMapIndexed$1
kotlin.sequences.SequencesKt__SequencesKt$flatten$1
kotlin.sequences.SequencesKt__SequencesKt$flatten$2
kotlin.sequences.SequencesKt__SequencesKt$flatten$3
kotlin.sequences.SequencesKt__SequencesKt$generateSequence$1
kotlin.sequences.SequencesKt__SequencesKt$generateSequence$2
kotlin.sequences.SequencesKt__SequencesKt$ifEmpty$1
kotlin.sequences.SequencesKt__SequencesKt$shuffled$1